Build started 2015-05-10 22:00:18.
     1>Project "F:\Ola\Moje\SIM\SIMproject\SIMproject.vcxproj" on node 2 (Build target(s)).
     1>Link:
         C:\Program Files (x86)\Microsoft Visual Studio 12.0\VC\bin\link.exe /ERRORREPORT:PROMPT /OUT:"F:\Ola\Moje\SIM\Debug\SIMproject.exe" /INCREMENTAL /NOLOGO /LIBPATH:ffmpeg\dev\lib\ /LIBPATH:DCMTK\lib\ kernel32.lib user32.lib gdi32.lib winspool.lib comdlg32.lib advapi32.lib shell32.lib ole32.lib oleaut32.lib uuid.lib odbc32.lib odbccp32.lib ffmpeg\dev\lib\avcodec.lib ffmpeg\dev\lib\avutil.lib ffmpeg\dev\lib\avformat.lib ffmpeg\dev\lib\swresample.lib ffmpeg\dev\lib\swscale.lib ffmpeg\dev\lib\postproc.lib oflog.lib netapi32.lib wsock32.lib ofstd.lib dcmdata.lib dcmimgle.lib dcmimage.lib ijg8.lib ijg12.lib ijg16.lib dcmjpeg.lib dcmnet.lib dcmdsig.lib dcmsr.lib dcmtls.lib dcmpstat.lib dcmwlm.lib dcmqrdb.lib /ASSEMBLYRESOURCE:Debug\SIMproject.MyForm.resources /MANIFEST /MANIFESTUAC:"level='asInvoker' uiAccess='false'" /manifest:embed /DEBUG /PDB:"F:\Ola\Moje\SIM\Debug\SIMproject.pdb" /ASSEMBLYDEBUG /SUBSYSTEM:WINDOWS /TLBID:1 /ENTRY:"Main" /DYNAMICBASE /FIXED:NO /NXCOMPAT /IMPLIB:"F:\Ola\Moje\SIM\Debug\SIMproject.lib" /MACHINE:X86 Debug\baseObject.obj
         Debug\baseStream.obj
         Debug\charsetConversion.obj
         Debug\charsetConversionIconv.obj
         Debug\charsetConversionICU.obj
         Debug\charsetConversionWindows.obj
         Debug\criticalSection.obj
         Debug\exception.obj
         Debug\huffmanTable.obj
         Debug\memory.obj
         Debug\memoryStream.obj
         Debug\stream.obj
         Debug\streamController.obj
         Debug\streamReader.obj
         Debug\streamWriter.obj
         Debug\thread.obj
         Debug\buffer.obj
         Debug\charsetsList.obj
         Debug\codec.obj
         Debug\codecFactory.obj
         Debug\colorTransform.obj
         Debug\colorTransformsFactory.obj
         Debug\data.obj
         Debug\dataGroup.obj
         Debug\dataHandler.obj
         Debug\dataHandlerDate.obj
         Debug\dataHandlerDateTime.obj
         Debug\dataHandlerDateTimeBase.obj
         Debug\dataHandlerString.obj
         Debug\dataHandlerStringAE.obj
         Debug\dataHandlerStringAS.obj
         Debug\dataHandlerStringCS.obj
         Debug\dataHandlerStringDS.obj
         Debug\dataHandlerStringIS.obj
         Debug\dataHandlerStringLO.obj
         Debug\dataHandlerStringLT.obj
         Debug\dataHandlerStringPN.obj
         Debug\dataHandlerStringSH.obj
         Debug\dataHandlerStringST.obj
         Debug\dataHandlerStringUI.obj
         Debug\dataHandlerStringUnicode.obj
         Debug\dataHandlerStringUT.obj
         Debug\dataHandlerTime.obj
         Debug\dataSet.obj
         Debug\dicomCodec.obj
         Debug\dicomDict.obj
         Debug\dicomDir.obj
         Debug\drawBitmap.obj
         Debug\image.obj
         Debug\jpegCodec.obj
         Debug\LUT.obj
         Debug\modalityVOILUT.obj
         Debug\MONOCHROME1ToMONOCHROME2.obj
         Debug\MONOCHROME1ToRGB.obj
         Debug\MONOCHROME2ToRGB.obj
         Debug\MONOCHROME2ToYBRFULL.obj
         Debug\PALETTECOLORToRGB.obj
         Debug\RGBToMONOCHROME2.obj
         Debug\RGBToYBRFULL.obj
         Debug\RGBToYBRPARTIAL.obj
         Debug\transaction.obj
         Debug\transform.obj
         Debug\transformHighBit.obj
         Debug\transformsChain.obj
         Debug\viewHelper.obj
         Debug\VOILUT.obj
         Debug\waveform.obj
         Debug\YBRFULLToMONOCHROME2.obj
         Debug\YBRFULLToRGB.obj
         Debug\YBRPARTIALToRGB.obj
         Debug\DicomDataAdapter.obj
         Debug\MyForm.obj
         Debug\Parser.obj
         Debug\VideoHandler.obj
         "Debug\.NETFramework,Version=v4.5.AssemblyAttributes.obj"
     1>VideoHandler.obj : warning LNK4248: unresolved typeref token (01000017) for 'AVDictionary'; image may not run
         SIMproject.vcxproj -> F:\Ola\Moje\SIM\Debug\SIMproject.exe
     1>Done Building Project "F:\Ola\Moje\SIM\SIMproject\SIMproject.vcxproj" (Build target(s)).

Build succeeded.

Time Elapsed 00:00:11.79
